This file contains any messages produced by compilers while
running configure, to aid debugging if configure makes a mistake.

It was created by configure, which was
generated by GNU Autoconf 2.57.  Invocation command line was

  $ ./configure 

## --------- ##
## Platform. ##
## --------- ##

hostname = Devbox.local
uname -m = x86_64
uname -r = 12.2.0
uname -s = Darwin
uname -v = Darwin Kernel Version 12.2.0: Sat Aug 25 00:48:52 PDT 2012; root:xnu-2050.18.24~1/RELEASE_X86_64

/usr/bin/uname -p = i386
/bin/uname -X     = unknown

/bin/arch              = unknown
/usr/bin/arch -k       = unknown
/usr/convex/getsysinfo = unknown
hostinfo               = Mach kernel version:
	 Darwin Kernel Version 12.2.0: Sat Aug 25 00:48:52 PDT 2012; root:xnu-2050.18.24~1/RELEASE_X86_64
Kernel configured for up to 2 processors.
2 processors are physically available.
2 processors are logically available.
Processor type: i486 (Intel 80486)
Processors active: 0 1
Primary memory available: 4.00 gigabytes
Default processor set: 144 tasks, 644 threads, 2 processors
Load average: 1.41, Mach factor: 1.15
/bin/machine           = unknown
/usr/bin/oslevel       = unknown
/bin/universe          = unknown

PATH: /Users/phil/.rbenv/shims
PATH: /usr/local/share/npm/bin
PATH: /usr/local/sbin
PATH: /usr/local/bin
PATH: /Users/phil/.rbenv/bin
PATH: /usr/bin
PATH: /bin
PATH: /usr/sbin
PATH: /sbin
PATH: /usr/local/bin
PATH: /Users/phil/bin


## ----------- ##
## Core tests. ##
## ----------- ##

configure:1480: checking build system type
configure:1498: result: i386-apple-darwin12.2.0
configure:1506: checking host system type
configure:1520: result: i386-apple-darwin12.2.0
configure:1597: checking whether make sets $(MAKE)
configure:1617: result: yes
configure:1639: checking for a BSD-compatible install
configure:1693: result: /usr/bin/install -c
configure:1755: checking for gcc
configure:1771: found /usr/bin/gcc
configure:1781: result: gcc
configure:2025: checking for C compiler version
configure:2028: gcc --version </dev/null >&5
i686-apple-darwin11-llvm-gcc-4.2 (GCC) 4.2.1 (Based on Apple Inc. build 5658) (LLVM build 2336.11.00)
Copyright (C) 2007 Free Software Foundation, Inc.
This is free software; see the source for copying conditions.  There is NO
warranty; not even for MERCHANTABILITY or FITNESS FOR A PARTICULAR PURPOSE.

configure:2031: $? = 0
configure:2033: gcc -v </dev/null >&5
Using built-in specs.
Target: i686-apple-darwin11
Configured with: /private/var/tmp/llvmgcc42/llvmgcc42-2336.11~67/src/configure --disable-checking --enable-werror --prefix=/Applications/Xcode.app/Contents/Developer/usr/llvm-gcc-4.2 --mandir=/share/man --enable-languages=c,objc,c++,obj-c++ --program-prefix=llvm- --program-transform-name=/^[cg][^.-]*$/s/$/-4.2/ --with-slibdir=/usr/lib --build=i686-apple-darwin11 --enable-llvm=/private/var/tmp/llvmgcc42/llvmgcc42-2336.11~67/dst-llvmCore/Developer/usr/local --program-prefix=i686-apple-darwin11- --host=x86_64-apple-darwin11 --target=i686-apple-darwin11 --with-gxx-include-dir=/usr/include/c++/4.2.1
Thread model: posix
gcc version 4.2.1 (Based on Apple Inc. build 5658) (LLVM build 2336.11.00)
configure:2036: $? = 0
configure:2038: gcc -V </dev/null >&5
llvm-gcc-4.2: argument to `-V' is missing
configure:2041: $? = 1
configure:2065: checking for C compiler default output
configure:2068: gcc    conftest.c  >&5
configure:2071: $? = 0
configure:2117: result: a.out
configure:2122: checking whether the C compiler works
configure:2128: ./a.out
configure:2131: $? = 0
configure:2148: result: yes
configure:2155: checking whether we are cross compiling
configure:2157: result: no
configure:2160: checking for suffix of executables
configure:2162: gcc -o conftest    conftest.c  >&5
configure:2165: $? = 0
configure:2190: result: 
configure:2196: checking for suffix of object files
configure:2218: gcc -c   conftest.c >&5
configure:2221: $? = 0
configure:2243: result: o
configure:2247: checking whether we are using the GNU C compiler
configure:2272: gcc -c   conftest.c >&5
configure:2275: $? = 0
configure:2278: test -s conftest.o
configure:2281: $? = 0
configure:2294: result: yes
configure:2300: checking whether gcc accepts -g
configure:2322: gcc -c -g  conftest.c >&5
configure:2325: $? = 0
configure:2328: test -s conftest.o
configure:2331: $? = 0
configure:2342: result: yes
configure:2359: checking for gcc option to accept ANSI C
configure:2420: gcc  -c   conftest.c >&5
configure:2423: $? = 0
configure:2426: test -s conftest.o
configure:2429: $? = 0
configure:2447: result: none needed
configure:2465: gcc -c   conftest.c >&5
conftest.c:2: error: expected '=', ',', ';', 'asm' or '__attribute__' before 'me'
configure:2468: $? = 1
configure: failed program was:
| #ifndef __cplusplus
|   choke me
| #endif
configure:2596: checking how to run the C preprocessor
configure:2632: gcc -E  conftest.c
configure:2638: $? = 0
configure:2670: gcc -E  conftest.c
configure:2673:28: error: ac_nonexistent.h: No such file or directory
configure:2676: $? = 1
configure: failed program was:
| #line 2661 "configure"
| /* confdefs.h.  */
| 
| #define PACKAGE_NAME ""
| #define PACKAGE_TARNAME ""
| #define PACKAGE_VERSION ""
| #define PACKAGE_STRING ""
| #define PACKAGE_BUGREPORT ""
| #define OS_TYPE "darwin12.2.0"
| #define USE_OPIE 1
| #define USE_DIGEST 1
| #define ENABLE_DEBUG 1
| /* end confdefs.h.  */
| #include <ac_nonexistent.h>
configure:2714: result: gcc -E
configure:2739: gcc -E  conftest.c
configure:2745: $? = 0
configure:2777: gcc -E  conftest.c
configure:2780:28: error: ac_nonexistent.h: No such file or directory
configure:2783: $? = 1
configure: failed program was:
| #line 2768 "configure"
| /* confdefs.h.  */
| 
| #define PACKAGE_NAME ""
| #define PACKAGE_TARNAME ""
| #define PACKAGE_VERSION ""
| #define PACKAGE_STRING ""
| #define PACKAGE_BUGREPORT ""
| #define OS_TYPE "darwin12.2.0"
| #define USE_OPIE 1
| #define USE_DIGEST 1
| #define ENABLE_DEBUG 1
| /* end confdefs.h.  */
| #include <ac_nonexistent.h>
configure:2826: checking for egrep
configure:2836: result: grep -E
configure:2842: checking for AIX
configure:2865: result: no
configure:2960: checking for ld used by GCC
configure:3023: result: /usr/llvm-gcc-4.2/libexec/gcc/i686-apple-darwin11/4.2.1/ld
configure:3032: checking if the linker (/usr/llvm-gcc-4.2/libexec/gcc/i686-apple-darwin11/4.2.1/ld) is GNU ld
configure:3044: result: no
configure:3049: checking for /usr/llvm-gcc-4.2/libexec/gcc/i686-apple-darwin11/4.2.1/ld option to reload object files
configure:3056: result: -r
configure:3061: checking for BSD-compatible nm
configure:3097: result: /usr/bin/nm
configure:3100: checking for a sed that does not truncate output
configure:3182: result: /usr/bin/sed
configure:3185: checking whether ln -s works
configure:3189: result: yes
configure:3196: checking how to recognise dependent libraries
configure:3377: result: file_magic Mach-O dynamically linked shared library
configure:3389: checking command to parse /usr/bin/nm output
configure:3473: gcc -c  -O2 -Wall -Wno-implicit  conftest.c >&5
configure:3476: $? = 0
configure:3480: /usr/bin/nm conftest.o \| sed -n -e 's/^.*[ 	]\([BCDEGRST][BCDEGRST]*\)[ 	][ 	]*\(\)\([_A-Za-z][_A-Za-z0-9]*\)$/\1 \2\3 \3/p' \> conftest.nm
configure:3483: $? = 0
cannot find nm_test_var in conftest.nm
configure:3473: gcc -c  -O2 -Wall -Wno-implicit  conftest.c >&5
configure:3476: $? = 0
configure:3480: /usr/bin/nm conftest.o \| sed -n -e 's/^.*[ 	]\([BCDEGRST][BCDEGRST]*\)[ 	][ 	]*\(_\)\([_A-Za-z][_A-Za-z0-9]*\)$/\1 \2\3 \3/p' \> conftest.nm
configure:3483: $? = 0
configure:3535: gcc -o conftest  -O2 -Wall -Wno-implicit   conftest.c conftstm.o >&5
conftest.c:6: warning: 'main' is usually a function
configure:3538: $? = 0
configure:3582: result: ok
configure:3586: checking for ANSI C header files
configure:3612: gcc -c  -O2 -Wall -Wno-implicit  conftest.c >&5
configure:3615: $? = 0
configure:3618: test -s conftest.o
configure:3621: $? = 0
configure:3713: gcc -o conftest  -O2 -Wall -Wno-implicit   conftest.c  >&5
configure: In function 'main':
configure:3710: warning: incompatible implicit declaration of built-in function 'exit'
configure:3716: $? = 0
configure:3718: ./conftest
configure:3721: $? = 0
configure:3736: result: yes
configure:3760: checking for sys/types.h
configure:3777: gcc -c  -O2 -Wall -Wno-implicit  conftest.c >&5
configure:3780: $? = 0
configure:3783: test -s conftest.o
configure:3786: $? = 0
configure:3797: result: yes
configure:3760: checking for sys/stat.h
configure:3777: gcc -c  -O2 -Wall -Wno-implicit  conftest.c >&5
configure:3780: $? = 0
configure:3783: test -s conftest.o
configure:3786: $? = 0
configure:3797: result: yes
configure:3760: checking for stdlib.h
configure:3777: gcc -c  -O2 -Wall -Wno-implicit  conftest.c >&5
configure:3780: $? = 0
configure:3783: test -s conftest.o
configure:3786: $? = 0
configure:3797: result: yes
configure:3760: checking for string.h
configure:3777: gcc -c  -O2 -Wall -Wno-implicit  conftest.c >&5
configure:3780: $? = 0
configure:3783: test -s conftest.o
configure:3786: $? = 0
configure:3797: result: yes
configure:3760: checking for memory.h
configure:3777: gcc -c  -O2 -Wall -Wno-implicit  conftest.c >&5
configure:3780: $? = 0
configure:3783: test -s conftest.o
configure:3786: $? = 0
configure:3797: result: yes
configure:3760: checking for strings.h
configure:3777: gcc -c  -O2 -Wall -Wno-implicit  conftest.c >&5
configure:3780: $? = 0
configure:3783: test -s conftest.o
configure:3786: $? = 0
configure:3797: result: yes
configure:3760: checking for inttypes.h
configure:3777: gcc -c  -O2 -Wall -Wno-implicit  conftest.c >&5
configure:3780: $? = 0
configure:3783: test -s conftest.o
configure:3786: $? = 0
configure:3797: result: yes
configure:3760: checking for stdint.h
configure:3777: gcc -c  -O2 -Wall -Wno-implicit  conftest.c >&5
configure:3780: $? = 0
configure:3783: test -s conftest.o
configure:3786: $? = 0
configure:3797: result: yes
configure:3760: checking for unistd.h
configure:3777: gcc -c  -O2 -Wall -Wno-implicit  conftest.c >&5
configure:3780: $? = 0
configure:3783: test -s conftest.o
configure:3786: $? = 0
configure:3797: result: yes
configure:3823: checking dlfcn.h usability
configure:3836: gcc -c  -O2 -Wall -Wno-implicit  conftest.c >&5
configure:3839: $? = 0
configure:3842: test -s conftest.o
configure:3845: $? = 0
configure:3855: result: yes
configure:3859: checking dlfcn.h presence
configure:3870: gcc -E  conftest.c
configure:3876: $? = 0
configure:3895: result: yes
configure:3931: checking for dlfcn.h
configure:3938: result: yes
configure:4136: checking for ranlib
configure:4152: found /usr/bin/ranlib
configure:4163: result: ranlib
configure:4216: checking for strip
configure:4232: found /usr/bin/strip
configure:4243: result: strip
configure:4455: checking for objdir
configure:4466: result: .libs
configure:4487: checking for gcc option to produce PIC
configure:4633: result: -fno-common
configure:4637: checking if gcc PIC flag -fno-common works
configure:4661: gcc -c  -O2 -Wall -Wno-implicit -fno-common -DPIC  conftest.c >&5
configure:4664: $? = 0
configure:4667: test -s conftest.o
configure:4670: $? = 0
configure:4708: result: yes
configure:4728: checking if gcc static flag -static works
configure:4753: gcc -o conftest  -O2 -Wall -Wno-implicit   -static conftest.c  >&5
ld: library not found for -lcrt0.o
collect2: ld returned 1 exit status
configure:4756: $? = 1
configure: failed program was:
| #line 4736 "configure"
| /* confdefs.h.  */
| 
| #define PACKAGE_NAME ""
| #define PACKAGE_TARNAME ""
| #define PACKAGE_VERSION ""
| #define PACKAGE_STRING ""
| #define PACKAGE_BUGREPORT ""
| #define OS_TYPE "darwin12.2.0"
| #define USE_OPIE 1
| #define USE_DIGEST 1
| #define ENABLE_DEBUG 1
| #define STDC_HEADERS 1
| #define HAVE_SYS_TYPES_H 1
| #define HAVE_SYS_STAT_H 1
| #define HAVE_STDLIB_H 1
| #define HAVE_STRING_H 1
| #define HAVE_MEMORY_H 1
| #define HAVE_STRINGS_H 1
| #define HAVE_INTTYPES_H 1
| #define HAVE_STDINT_H 1
| #define HAVE_UNISTD_H 1
| #define HAVE_DLFCN_H 1
| /* end confdefs.h.  */
| 
| int
| main ()
| {
| 
|   ;
|   return 0;
| }
configure:4778: result: no
configure:4794: checking if gcc supports -c -o file.o
configure:4814: gcc -c  -O2 -Wall -Wno-implicit -o out/conftest2.o  conftest.c >&5
configure:4838: result: yes
configure:4843: checking if gcc supports -c -o file.lo
configure:4871: gcc -c  -O2 -Wall -Wno-implicit -c -o conftest.lo  conftest.c >&5
configure: In function 'main':
configure:4881: warning: unused variable 'some_variable'
configure:4874: $? = 0
configure:4877: test -s conftest.lo
configure:4880: $? = 0
configure:4902: result: yes
configure:4941: checking if gcc supports -fno-rtti -fno-exceptions
configure:4964: gcc -c  -O2 -Wall -Wno-implicit -fno-rtti -fno-exceptions -c conftest.c  conftest.c >&5
cc1: warning: command line option "-fno-rtti" is valid for C++/ObjC++ but not for C
configure: In function 'main':
configure:4974: warning: unused variable 'some_variable'
cc1: warning: command line option "-fno-rtti" is valid for C++/ObjC++ but not for C
configure: In function 'main':
configure:4974: warning: unused variable 'some_variable'
configure:4967: $? = 0
configure:4970: test -s conftest.o
configure:4973: $? = 0
configure:4990: result: yes
configure:5005: checking whether the linker (/usr/llvm-gcc-4.2/libexec/gcc/i686-apple-darwin11/4.2.1/ld) supports shared libraries
configure:5700: result: yes
configure:5709: checking how to hardcode library paths into programs
configure:5733: result: unsupported
configure:5742: checking whether stripping libraries is possible
configure:5750: result: no
configure:5762: checking dynamic linker characteristics
configure:6169: result: darwin12.2.0 dyld
configure:6178: checking if libtool supports shared libraries
configure:6180: result: yes
configure:6187: checking whether to build shared libraries
configure:6208: result: yes
configure:6215: checking whether to build static libraries
configure:6219: result: yes
configure:6897: checking whether -lc should be explicitly linked in
configure:6905: gcc -c  -O2 -Wall -Wno-implicit  conftest.c >&5
conftest.c:1: warning: 'dummy' defined but not used
configure:6908: $? = 0
configure:6922: gcc -r -keep_private_externs -nostdlib -o conftest-master.o conftest.o && gcc -dynamiclib  -o conftest conftest-master.o -v -install_name /conftest 2\>\&1 \| grep  -lc  \>/dev/null 2\>\&1
configure:6925: $? = 1
configure:6938: result: yes
configure:7526: checking for gcc option to accept ANSI C
configure:7569: gcc  -c  -O2 -Wall -Wno-implicit  conftest.c >&5
configure:7572: $? = 0
configure:7575: test -s conftest.o
configure:7578: $? = 0
configure:7592: result: 
configure:7601: checking for function prototypes
configure:7604: result: yes
configure:7921: checking for an ANSI C-conforming const
configure:7989: gcc -c  -O2 -Wall -Wno-implicit  conftest.c >&5
configure: In function 'main':
configure:7977: warning: unused variable 's'
configure:7997: warning: unused variable 'foo'
configure:7964: warning: unused variable 'zero'
configure:7958: warning: unused variable 'x'
configure:7992: $? = 0
configure:7995: test -s conftest.o
configure:7998: $? = 0
configure:8009: result: yes
configure:8019: checking for inline
configure:8041: gcc -c  -O2 -Wall -Wno-implicit  conftest.c >&5
configure:8044: $? = 0
configure:8047: test -s conftest.o
configure:8050: $? = 0
configure:8062: result: inline
configure:8077: checking for size_t
configure:8102: gcc -c  -O2 -Wall -Wno-implicit  conftest.c >&5
configure:8105: $? = 0
configure:8108: test -s conftest.o
configure:8111: $? = 0
configure:8122: result: yes
configure:8134: checking for pid_t
configure:8159: gcc -c  -O2 -Wall -Wno-implicit  conftest.c >&5
configure:8162: $? = 0
configure:8165: test -s conftest.o
configure:8168: $? = 0
configure:8179: result: yes
configure:8191: checking whether byte ordering is bigendian
configure:8219: gcc -c  -O2 -Wall -Wno-implicit  conftest.c >&5
configure:8222: $? = 0
configure:8225: test -s conftest.o
configure:8228: $? = 0
configure:8253: gcc -c  -O2 -Wall -Wno-implicit  conftest.c >&5
configure: In function 'main':
configure:8262: error: 'not' undeclared (first use in this function)
configure:8262: error: (Each undeclared identifier is reported only once
configure:8262: error: for each function it appears in.)
configure:8262: error: expected ';' before 'big'
configure:8256: $? = 1
configure: failed program was:
| #line 8231 "configure"
| /* confdefs.h.  */
| 
| #define PACKAGE_NAME ""
| #define PACKAGE_TARNAME ""
| #define PACKAGE_VERSION ""
| #define PACKAGE_STRING ""
| #define PACKAGE_BUGREPORT ""
| #define OS_TYPE "darwin12.2.0"
| #define USE_OPIE 1
| #define USE_DIGEST 1
| #define ENABLE_DEBUG 1
| #define STDC_HEADERS 1
| #define HAVE_SYS_TYPES_H 1
| #define HAVE_SYS_STAT_H 1
| #define HAVE_STDLIB_H 1
| #define HAVE_STRING_H 1
| #define HAVE_MEMORY_H 1
| #define HAVE_STRINGS_H 1
| #define HAVE_INTTYPES_H 1
| #define HAVE_STDINT_H 1
| #define HAVE_UNISTD_H 1
| #define HAVE_DLFCN_H 1
| #define PROTOTYPES 1
| /* end confdefs.h.  */
| #include <sys/types.h>
| #include <sys/param.h>
| 
| int
| main ()
| {
| #if BYTE_ORDER != BIG_ENDIAN
|  not big endian
| #endif
| 
|   ;
|   return 0;
| }
configure:8376: result: no
configure:8396: checking for short
configure:8421: gcc -c  -O2 -Wall -Wno-implicit  conftest.c >&5
configure:8424: $? = 0
configure:8427: test -s conftest.o
configure:8430: $? = 0
configure:8441: result: yes
configure:8444: checking size of short
configure:8719: gcc -o conftest  -O2 -Wall -Wno-implicit   conftest.c  >&5
configure:8722: $? = 0
configure:8724: ./conftest
configure:8727: $? = 0
configure:8750: result: 2
configure:8757: checking for int
configure:8782: gcc -c  -O2 -Wall -Wno-implicit  conftest.c >&5
configure:8785: $? = 0
configure:8788: test -s conftest.o
configure:8791: $? = 0
configure:8802: result: yes
configure:8805: checking size of int
configure:9080: gcc -o conftest  -O2 -Wall -Wno-implicit   conftest.c  >&5
configure:9083: $? = 0
configure:9085: ./conftest
configure:9088: $? = 0
configure:9111: result: 4
configure:9118: checking for long
configure:9143: gcc -c  -O2 -Wall -Wno-implicit  conftest.c >&5
configure:9146: $? = 0
configure:9149: test -s conftest.o
configure:9152: $? = 0
configure:9163: result: yes
configure:9166: checking size of long
configure:9441: gcc -o conftest  -O2 -Wall -Wno-implicit   conftest.c  >&5
configure:9444: $? = 0
configure:9446: ./conftest
configure:9449: $? = 0
configure:9472: result: 8
configure:9479: checking for long long
configure:9504: gcc -c  -O2 -Wall -Wno-implicit  conftest.c >&5
configure:9507: $? = 0
configure:9510: test -s conftest.o
configure:9513: $? = 0
configure:9524: result: yes
configure:9527: checking size of long long
configure:9802: gcc -o conftest  -O2 -Wall -Wno-implicit   conftest.c  >&5
configure:9805: $? = 0
configure:9807: ./conftest
configure:9810: $? = 0
configure:9833: result: 8
configure:9840: checking for u_int32_t
configure:9865: gcc -c  -O2 -Wall -Wno-implicit  conftest.c >&5
configure:9868: $? = 0
configure:9871: test -s conftest.o
configure:9874: $? = 0
configure:9885: result: yes
configure:9908: checking for string.h
configure:9913: result: yes
configure:9917: checking stdarg.h usability
configure:9930: gcc -c  -O2 -Wall -Wno-implicit  conftest.c >&5
configure:9933: $? = 0
configure:9936: test -s conftest.o
configure:9939: $? = 0
configure:9949: result: yes
configure:9953: checking stdarg.h presence
configure:9964: gcc -E  conftest.c
configure:9970: $? = 0
configure:9989: result: yes
configure:10025: checking for stdarg.h
configure:10032: result: yes
configure:9908: checking for unistd.h
configure:9913: result: yes
configure:9917: checking sys/time.h usability
configure:9930: gcc -c  -O2 -Wall -Wno-implicit  conftest.c >&5
configure:9933: $? = 0
configure:9936: test -s conftest.o
configure:9939: $? = 0
configure:9949: result: yes
configure:9953: checking sys/time.h presence
configure:9964: gcc -E  conftest.c
configure:9970: $? = 0
configure:9989: result: yes
configure:10025: checking for sys/time.h
configure:10032: result: yes
configure:9917: checking utime.h usability
configure:9930: gcc -c  -O2 -Wall -Wno-implicit  conftest.c >&5
configure:9933: $? = 0
configure:9936: test -s conftest.o
configure:9939: $? = 0
configure:9949: result: yes
configure:9953: checking utime.h presence
configure:9964: gcc -E  conftest.c
configure:9970: $? = 0
configure:9989: result: yes
configure:10025: checking for utime.h
configure:10032: result: yes
configure:9917: checking sys/utime.h usability
configure:9930: gcc -c  -O2 -Wall -Wno-implicit  conftest.c >&5
configure:9987:23: error: sys/utime.h: No such file or directory
configure:9933: $? = 1
configure: failed program was:
| #line 9919 "configure"
| /* confdefs.h.  */
| 
| #define PACKAGE_NAME ""
| #define PACKAGE_TARNAME ""
| #define PACKAGE_VERSION ""
| #define PACKAGE_STRING ""
| #define PACKAGE_BUGREPORT ""
| #define OS_TYPE "darwin12.2.0"
| #define USE_OPIE 1
| #define USE_DIGEST 1
| #define ENABLE_DEBUG 1
| #define STDC_HEADERS 1
| #define HAVE_SYS_TYPES_H 1
| #define HAVE_SYS_STAT_H 1
| #define HAVE_STDLIB_H 1
| #define HAVE_STRING_H 1
| #define HAVE_MEMORY_H 1
| #define HAVE_STRINGS_H 1
| #define HAVE_INTTYPES_H 1
| #define HAVE_STDINT_H 1
| #define HAVE_UNISTD_H 1
| #define HAVE_DLFCN_H 1
| #define PROTOTYPES 1
| #define SIZEOF_SHORT 2
| #define SIZEOF_INT 4
| #define SIZEOF_LONG 8
| #define SIZEOF_LONG_LONG 8
| #define HAVE_U_INT32_T 1
| #define HAVE_STRING_H 1
| #define HAVE_STDARG_H 1
| #define HAVE_UNISTD_H 1
| #define HAVE_SYS_TIME_H 1
| #define HAVE_UTIME_H 1
| /* end confdefs.h.  */
| #include <stdio.h>
| #if HAVE_SYS_TYPES_H
| # include <sys/types.h>
| #endif
| #if HAVE_SYS_STAT_H
| # include <sys/stat.h>
| #endif
| #if STDC_HEADERS
| # include <stdlib.h>
| # include <stddef.h>
| #else
| # if HAVE_STDLIB_H
| #  include <stdlib.h>
| # endif
| #endif
| #if HAVE_STRING_H
| # if !STDC_HEADERS && HAVE_MEMORY_H
| #  include <memory.h>
| # endif
| # include <string.h>
| #endif
| #if HAVE_STRINGS_H
| # include <strings.h>
| #endif
| #if HAVE_INTTYPES_H
| # include <inttypes.h>
| #else
| # if HAVE_STDINT_H
| #  include <stdint.h>
| # endif
| #endif
| #if HAVE_UNISTD_H
| # include <unistd.h>
| #endif
| #include <sys/utime.h>
configure:9949: result: no
configure:9953: checking sys/utime.h presence
configure:9964: gcc -E  conftest.c
configure:9989:23: error: sys/utime.h: No such file or directory
configure:9970: $? = 1
configure: failed program was:
| #line 9955 "configure"
| /* confdefs.h.  */
| 
| #define PACKAGE_NAME ""
| #define PACKAGE_TARNAME ""
| #define PACKAGE_VERSION ""
| #define PACKAGE_STRING ""
| #define PACKAGE_BUGREPORT ""
| #define OS_TYPE "darwin12.2.0"
| #define USE_OPIE 1
| #define USE_DIGEST 1
| #define ENABLE_DEBUG 1
| #define STDC_HEADERS 1
| #define HAVE_SYS_TYPES_H 1
| #define HAVE_SYS_STAT_H 1
| #define HAVE_STDLIB_H 1
| #define HAVE_STRING_H 1
| #define HAVE_MEMORY_H 1
| #define HAVE_STRINGS_H 1
| #define HAVE_INTTYPES_H 1
| #define HAVE_STDINT_H 1
| #define HAVE_UNISTD_H 1
| #define HAVE_DLFCN_H 1
| #define PROTOTYPES 1
| #define SIZEOF_SHORT 2
| #define SIZEOF_INT 4
| #define SIZEOF_LONG 8
| #define SIZEOF_LONG_LONG 8
| #define HAVE_U_INT32_T 1
| #define HAVE_STRING_H 1
| #define HAVE_STDARG_H 1
| #define HAVE_UNISTD_H 1
| #define HAVE_SYS_TIME_H 1
| #define HAVE_UTIME_H 1
| /* end confdefs.h.  */
| #include <sys/utime.h>
configure:9989: result: no
configure:10025: checking for sys/utime.h
configure:10032: result: no
configure:9917: checking pwd.h usability
configure:9930: gcc -c  -O2 -Wall -Wno-implicit  conftest.c >&5
configure:9933: $? = 0
configure:9936: test -s conftest.o
configure:9939: $? = 0
configure:9949: result: yes
configure:9953: checking pwd.h presence
configure:9964: gcc -E  conftest.c
configure:9970: $? = 0
configure:9989: result: yes
configure:10025: checking for pwd.h
configure:10032: result: yes
configure:10062: checking termios.h usability
configure:10075: gcc -c  -O2 -Wall -Wno-implicit  conftest.c >&5
configure:10078: $? = 0
configure:10081: test -s conftest.o
configure:10084: $? = 0
configure:10094: result: yes
configure:10098: checking termios.h presence
configure:10109: gcc -E  conftest.c
configure:10115: $? = 0
configure:10134: result: yes
configure:10170: checking for termios.h
configure:10177: result: yes
configure:10062: checking sys/ioctl.h usability
configure:10075: gcc -c  -O2 -Wall -Wno-implicit  conftest.c >&5
configure:10078: $? = 0
configure:10081: test -s conftest.o
configure:10084: $? = 0
configure:10094: result: yes
configure:10098: checking sys/ioctl.h presence
configure:10109: gcc -E  conftest.c
configure:10115: $? = 0
configure:10134: result: yes
configure:10170: checking for sys/ioctl.h
configure:10177: result: yes
configure:10062: checking sys/select.h usability
configure:10075: gcc -c  -O2 -Wall -Wno-implicit  conftest.c >&5
configure:10078: $? = 0
configure:10081: test -s conftest.o
configure:10084: $? = 0
configure:10094: result: yes
configure:10098: checking sys/select.h presence
configure:10109: gcc -E  conftest.c
configure:10115: $? = 0
configure:10134: result: yes
configure:10170: checking for sys/select.h
configure:10177: result: yes
configure:10062: checking sys/utsname.h usability
configure:10075: gcc -c  -O2 -Wall -Wno-implicit  conftest.c >&5
configure:10078: $? = 0
configure:10081: test -s conftest.o
configure:10084: $? = 0
configure:10094: result: yes
configure:10098: checking sys/utsname.h presence
configure:10109: gcc -E  conftest.c
configure:10115: $? = 0
configure:10134: result: yes
configure:10170: checking for sys/utsname.h
configure:10177: result: yes
configure:10205: checking signal.h usability
configure:10218: gcc -c  -O2 -Wall -Wno-implicit  conftest.c >&5
configure:10221: $? = 0
configure:10224: test -s conftest.o
configure:10227: $? = 0
configure:10237: result: yes
configure:10241: checking signal.h presence
configure:10252: gcc -E  conftest.c
configure:10258: $? = 0
configure:10277: result: yes
configure:10313: checking for signal.h
configure:10320: result: yes
configure:10205: checking setjmp.h usability
configure:10218: gcc -c  -O2 -Wall -Wno-implicit  conftest.c >&5
configure:10221: $? = 0
configure:10224: test -s conftest.o
configure:10227: $? = 0
configure:10237: result: yes
configure:10241: checking setjmp.h presence
configure:10252: gcc -E  conftest.c
configure:10258: $? = 0
configure:10277: result: yes
configure:10313: checking for setjmp.h
configure:10320: result: yes
configure:10333: checking whether time.h and sys/time.h may both be included
configure:10359: gcc -c  -O2 -Wall -Wno-implicit  conftest.c >&5
configure:10362: $? = 0
configure:10365: test -s conftest.o
configure:10368: $? = 0
configure:10379: result: yes
configure:10390: checking return type of signal handlers
configure:10422: gcc -c  -O2 -Wall -Wno-implicit  conftest.c >&5
configure: In function 'main':
configure:10451: warning: unused variable 'i'
configure:10425: $? = 0
configure:10428: test -s conftest.o
configure:10431: $? = 0
configure:10442: result: void
configure:10451: checking for struct utimbuf
configure:10469: result: yes
configure:10482: checking for socklen_t
configure:10505: gcc -c  -O2 -Wall -Wno-implicit  conftest.c >&5
configure:10508: $? = 0
configure:10511: test -s conftest.o
configure:10514: $? = 0
configure:10516: result: yes
configure:10584: checking for working alloca.h
configure:10606: gcc -o conftest  -O2 -Wall -Wno-implicit   conftest.c  >&5
configure: In function 'main':
configure:10637: warning: unused variable 'p'
configure:10609: $? = 0
configure:10612: test -s conftest
configure:10615: $? = 0
configure:10626: result: yes
configure:10636: checking for alloca
configure:10678: gcc -o conftest  -O2 -Wall -Wno-implicit   conftest.c  >&5
configure: In function 'main':
configure:10710: warning: unused variable 'p'
configure:10681: $? = 0
configure:10684: test -s conftest
configure:10687: $? = 0
configure:10698: result: yes
configure:10911: checking for stdlib.h
configure:10916: result: yes
configure:10911: checking for unistd.h
configure:10916: result: yes
configure:11052: checking for getpagesize
configure:11102: gcc -o conftest  -O2 -Wall -Wno-implicit   conftest.c  >&5
configure:11105: $? = 0
configure:11108: test -s conftest
configure:11111: $? = 0
configure:11122: result: yes
configure:11132: checking for working mmap
configure:11275: gcc -o conftest  -O2 -Wall -Wno-implicit   conftest.c  >&5
configure: In function 'main':
configure:11324: warning: cast from pointer to integer of different size
configure:11278: $? = 0
configure:11280: ./conftest
configure:11283: $? = 0
configure:11297: result: yes
configure:11317: checking for strdup
configure:11367: gcc -o conftest  -O2 -Wall -Wno-implicit   conftest.c  >&5
configure:11388: warning: conflicting types for built-in function 'strdup'
configure:11370: $? = 0
configure:11373: test -s conftest
configure:11376: $? = 0
configure:11387: result: yes
configure:11317: checking for strstr
configure:11367: gcc -o conftest  -O2 -Wall -Wno-implicit   conftest.c  >&5
configure:11389: warning: conflicting types for built-in function 'strstr'
configure:11370: $? = 0
configure:11373: test -s conftest
configure:11376: $? = 0
configure:11387: result: yes
configure:11317: checking for strcasecmp
configure:11367: gcc -o conftest  -O2 -Wall -Wno-implicit   conftest.c  >&5
configure:11390: warning: conflicting types for built-in function 'strcasecmp'
configure:11370: $? = 0
configure:11373: test -s conftest
configure:11376: $? = 0
configure:11387: result: yes
configure:11317: checking for strncasecmp
configure:11367: gcc -o conftest  -O2 -Wall -Wno-implicit   conftest.c  >&5
configure:11391: warning: conflicting types for built-in function 'strncasecmp'
configure:11370: $? = 0
configure:11373: test -s conftest
configure:11376: $? = 0
configure:11387: result: yes
configure:11317: checking for strpbrk
configure:11367: gcc -o conftest  -O2 -Wall -Wno-implicit   conftest.c  >&5
configure:11392: warning: conflicting types for built-in function 'strpbrk'
configure:11370: $? = 0
configure:11373: test -s conftest
configure:11376: $? = 0
configure:11387: result: yes
configure:11317: checking for memmove
configure:11367: gcc -o conftest  -O2 -Wall -Wno-implicit   conftest.c  >&5
configure:11393: warning: conflicting types for built-in function 'memmove'
configure:11370: $? = 0
configure:11373: test -s conftest
configure:11376: $? = 0
configure:11387: result: yes
configure:11406: checking for gettimeofday
configure:11456: gcc -o conftest  -O2 -Wall -Wno-implicit   conftest.c  >&5
configure:11459: $? = 0
configure:11462: test -s conftest
configure:11465: $? = 0
configure:11476: result: yes
configure:11406: checking for mktime
configure:11456: gcc -o conftest  -O2 -Wall -Wno-implicit   conftest.c  >&5
configure:11459: $? = 0
configure:11462: test -s conftest
configure:11465: $? = 0
configure:11476: result: yes
configure:11406: checking for strptime
configure:11456: gcc -o conftest  -O2 -Wall -Wno-implicit   conftest.c  >&5
configure:11459: $? = 0
configure:11462: test -s conftest
configure:11465: $? = 0
configure:11476: result: yes
configure:11406: checking for strerror
configure:11456: gcc -o conftest  -O2 -Wall -Wno-implicit   conftest.c  >&5
configure:11459: $? = 0
configure:11462: test -s conftest
configure:11465: $? = 0
configure:11476: result: yes
configure:11406: checking for snprintf
configure:11456: gcc -o conftest  -O2 -Wall -Wno-implicit   conftest.c  >&5
configure:11487: warning: conflicting types for built-in function 'snprintf'
configure:11459: $? = 0
configure:11462: test -s conftest
configure:11465: $? = 0
configure:11476: result: yes
configure:11406: checking for vsnprintf
configure:11456: gcc -o conftest  -O2 -Wall -Wno-implicit   conftest.c  >&5
configure:11488: warning: conflicting types for built-in function 'vsnprintf'
configure:11459: $? = 0
configure:11462: test -s conftest
configure:11465: $? = 0
configure:11476: result: yes
configure:11496: checking for select
configure:11546: gcc -o conftest  -O2 -Wall -Wno-implicit   conftest.c  >&5
configure:11549: $? = 0
configure:11552: test -s conftest
configure:11555: $? = 0
configure:11566: result: yes
configure:11496: checking for sigblock
configure:11546: gcc -o conftest  -O2 -Wall -Wno-implicit   conftest.c  >&5
configure:11549: $? = 0
configure:11552: test -s conftest
configure:11555: $? = 0
configure:11566: result: yes
configure:11496: checking for sigsetjmp
configure:11546: gcc -o conftest  -O2 -Wall -Wno-implicit   conftest.c  >&5
configure:11549: $? = 0
configure:11552: test -s conftest
configure:11555: $? = 0
configure:11566: result: yes
configure:11496: checking for signal
configure:11546: gcc -o conftest  -O2 -Wall -Wno-implicit   conftest.c  >&5
configure:11549: $? = 0
configure:11552: test -s conftest
configure:11555: $? = 0
configure:11566: result: yes
configure:11496: checking for symlink
configure:11546: gcc -o conftest  -O2 -Wall -Wno-implicit   conftest.c  >&5
configure:11549: $? = 0
configure:11552: test -s conftest
configure:11555: $? = 0
configure:11566: result: yes
configure:11496: checking for access
configure:11546: gcc -o conftest  -O2 -Wall -Wno-implicit   conftest.c  >&5
configure:11549: $? = 0
configure:11552: test -s conftest
configure:11555: $? = 0
configure:11566: result: yes
configure:11496: checking for isatty
configure:11546: gcc -o conftest  -O2 -Wall -Wno-implicit   conftest.c  >&5
configure:11549: $? = 0
configure:11552: test -s conftest
configure:11555: $? = 0
configure:11566: result: yes
configure:11582: checking for uname
configure:11632: gcc -o conftest  -O2 -Wall -Wno-implicit   conftest.c  >&5
configure:11635: $? = 0
configure:11638: test -s conftest
configure:11641: $? = 0
configure:11652: result: yes
configure:11582: checking for gethostname
configure:11632: gcc -o conftest  -O2 -Wall -Wno-implicit   conftest.c  >&5
configure:11635: $? = 0
configure:11638: test -s conftest
configure:11641: $? = 0
configure:11652: result: yes
configure:11582: checking for usleep
configure:11632: gcc -o conftest  -O2 -Wall -Wno-implicit   conftest.c  >&5
configure:11635: $? = 0
configure:11638: test -s conftest
configure:11641: $? = 0
configure:11652: result: yes
configure:11663: checking for getopt_long
configure:11713: gcc -o conftest  -O2 -Wall -Wno-implicit   conftest.c  >&5
configure:11716: $? = 0
configure:11719: test -s conftest
configure:11722: $? = 0
configure:11733: result: yes
configure:11752: checking for gethostbyname
configure:11802: gcc -o conftest  -O2 -Wall -Wno-implicit   conftest.c  >&5
configure:11805: $? = 0
configure:11808: test -s conftest
configure:11811: $? = 0
configure:11822: result: yes
configure:11840: checking for inet_ntoa
configure:11890: gcc -o conftest  -O2 -Wall -Wno-implicit   conftest.c  >&5
configure:11893: $? = 0
configure:11896: test -s conftest
configure:11899: $? = 0
configure:11910: result: yes
configure:11993: checking for socket in -lsocket
configure:12024: gcc -o conftest  -O2 -Wall -Wno-implicit   conftest.c -lsocket   >&5
ld: library not found for -lsocket
collect2: ld returned 1 exit status
configure:12027: $? = 1
configure: failed program was:
| #line 12000 "configure"
| /* confdefs.h.  */
| 
| #define PACKAGE_NAME ""
| #define PACKAGE_TARNAME ""
| #define PACKAGE_VERSION ""
| #define PACKAGE_STRING ""
| #define PACKAGE_BUGREPORT ""
| #define OS_TYPE "darwin12.2.0"
| #define USE_OPIE 1
| #define USE_DIGEST 1
| #define ENABLE_DEBUG 1
| #define STDC_HEADERS 1
| #define HAVE_SYS_TYPES_H 1
| #define HAVE_SYS_STAT_H 1
| #define HAVE_STDLIB_H 1
| #define HAVE_STRING_H 1
| #define HAVE_MEMORY_H 1
| #define HAVE_STRINGS_H 1
| #define HAVE_INTTYPES_H 1
| #define HAVE_STDINT_H 1
| #define HAVE_UNISTD_H 1
| #define HAVE_DLFCN_H 1
| #define PROTOTYPES 1
| #define SIZEOF_SHORT 2
| #define SIZEOF_INT 4
| #define SIZEOF_LONG 8
| #define SIZEOF_LONG_LONG 8
| #define HAVE_U_INT32_T 1
| #define HAVE_STRING_H 1
| #define HAVE_STDARG_H 1
| #define HAVE_UNISTD_H 1
| #define HAVE_SYS_TIME_H 1
| #define HAVE_UTIME_H 1
| #define HAVE_PWD_H 1
| #define HAVE_TERMIOS_H 1
| #define HAVE_SYS_IOCTL_H 1
| #define HAVE_SYS_SELECT_H 1
| #define HAVE_SYS_UTSNAME_H 1
| #define HAVE_SIGNAL_H 1
| #define HAVE_SETJMP_H 1
| #define TIME_WITH_SYS_TIME 1
| #define RETSIGTYPE void
| #define HAVE_STRUCT_UTIMBUF 1
| #define HAVE_ALLOCA_H 1
| #define HAVE_ALLOCA 1
| #define HAVE_STDLIB_H 1
| #define HAVE_UNISTD_H 1
| #define HAVE_GETPAGESIZE 1
| #define HAVE_MMAP 1
| #define HAVE_STRDUP 1
| #define HAVE_STRSTR 1
| #define HAVE_STRCASECMP 1
| #define HAVE_STRNCASECMP 1
| #define HAVE_STRPBRK 1
| #define HAVE_MEMMOVE 1
| #define HAVE_GETTIMEOFDAY 1
| #define HAVE_MKTIME 1
| #define HAVE_STRPTIME 1
| #define HAVE_STRERROR 1
| #define HAVE_SNPRINTF 1
| #define HAVE_VSNPRINTF 1
| #define HAVE_SELECT 1
| #define HAVE_SIGBLOCK 1
| #define HAVE_SIGSETJMP 1
| #define HAVE_SIGNAL 1
| #define HAVE_SYMLINK 1
| #define HAVE_ACCESS 1
| #define HAVE_ISATTY 1
| #define HAVE_UNAME 1
| #define HAVE_GETHOSTNAME 1
| #define HAVE_USLEEP 1
| #define HAVE_GETHOSTBYNAME 1
| #define HAVE_INET_NTOA 1
| /* end confdefs.h.  */
| 
| /* Override any gcc2 internal prototype to avoid an error.  */
| #ifdef __cplusplus
| extern "C"
| #endif
| /* We use char because int might match the return type of a gcc2
|    builtin and then its argument prototype would still apply.  */
| char socket ();
| int
| main ()
| {
| socket ();
|   ;
|   return 0;
| }
configure:12045: result: no
configure:12211: checking for dlopen in -ldl
configure:12242: /bin/sh ./libtool gcc -o conftest  -O2 -Wall -Wno-implicit   conftest.c -ldl   >&5
mkdir .libs
gcc -o conftest -O2 -Wall -Wno-implicit conftest.c  -ldl
configure:12245: $? = 0
configure:12248: test -s conftest
configure:12251: $? = 0
configure:12263: result: yes
configure:12275: checking for shl_load in -ldl
configure:12306: /bin/sh ./libtool gcc -o conftest  -O2 -Wall -Wno-implicit   conftest.c -ldl  -ldl  >&5
gcc -o conftest -O2 -Wall -Wno-implicit conftest.c  -ldl
Undefined symbols for architecture x86_64:
  "_shl_load", referenced from:
      _main in ccuvkb5a.o
ld: symbol(s) not found for architecture x86_64
collect2: ld returned 1 exit status
configure:12309: $? = 1
configure: failed program was:
| #line 12282 "configure"
| /* confdefs.h.  */
| 
| #define PACKAGE_NAME ""
| #define PACKAGE_TARNAME ""
| #define PACKAGE_VERSION ""
| #define PACKAGE_STRING ""
| #define PACKAGE_BUGREPORT ""
| #define OS_TYPE "darwin12.2.0"
| #define USE_OPIE 1
| #define USE_DIGEST 1
| #define ENABLE_DEBUG 1
| #define STDC_HEADERS 1
| #define HAVE_SYS_TYPES_H 1
| #define HAVE_SYS_STAT_H 1
| #define HAVE_STDLIB_H 1
| #define HAVE_STRING_H 1
| #define HAVE_MEMORY_H 1
| #define HAVE_STRINGS_H 1
| #define HAVE_INTTYPES_H 1
| #define HAVE_STDINT_H 1
| #define HAVE_UNISTD_H 1
| #define HAVE_DLFCN_H 1
| #define PROTOTYPES 1
| #define SIZEOF_SHORT 2
| #define SIZEOF_INT 4
| #define SIZEOF_LONG 8
| #define SIZEOF_LONG_LONG 8
| #define HAVE_U_INT32_T 1
| #define HAVE_STRING_H 1
| #define HAVE_STDARG_H 1
| #define HAVE_UNISTD_H 1
| #define HAVE_SYS_TIME_H 1
| #define HAVE_UTIME_H 1
| #define HAVE_PWD_H 1
| #define HAVE_TERMIOS_H 1
| #define HAVE_SYS_IOCTL_H 1
| #define HAVE_SYS_SELECT_H 1
| #define HAVE_SYS_UTSNAME_H 1
| #define HAVE_SIGNAL_H 1
| #define HAVE_SETJMP_H 1
| #define TIME_WITH_SYS_TIME 1
| #define RETSIGTYPE void
| #define HAVE_STRUCT_UTIMBUF 1
| #define HAVE_ALLOCA_H 1
| #define HAVE_ALLOCA 1
| #define HAVE_STDLIB_H 1
| #define HAVE_UNISTD_H 1
| #define HAVE_GETPAGESIZE 1
| #define HAVE_MMAP 1
| #define HAVE_STRDUP 1
| #define HAVE_STRSTR 1
| #define HAVE_STRCASECMP 1
| #define HAVE_STRNCASECMP 1
| #define HAVE_STRPBRK 1
| #define HAVE_MEMMOVE 1
| #define HAVE_GETTIMEOFDAY 1
| #define HAVE_MKTIME 1
| #define HAVE_STRPTIME 1
| #define HAVE_STRERROR 1
| #define HAVE_SNPRINTF 1
| #define HAVE_VSNPRINTF 1
| #define HAVE_SELECT 1
| #define HAVE_SIGBLOCK 1
| #define HAVE_SIGSETJMP 1
| #define HAVE_SIGNAL 1
| #define HAVE_SYMLINK 1
| #define HAVE_ACCESS 1
| #define HAVE_ISATTY 1
| #define HAVE_UNAME 1
| #define HAVE_GETHOSTNAME 1
| #define HAVE_USLEEP 1
| #define HAVE_GETHOSTBYNAME 1
| #define HAVE_INET_NTOA 1
| #define HAVE_LIBDL 1
| /* end confdefs.h.  */
| 
| /* Override any gcc2 internal prototype to avoid an error.  */
| #ifdef __cplusplus
| extern "C"
| #endif
| /* We use char because int might match the return type of a gcc2
|    builtin and then its argument prototype would still apply.  */
| char shl_load ();
| int
| main ()
| {
| shl_load ();
|   ;
|   return 0;
| }
configure:12327: result: no
configure:12350: result: Looking for SSL libraries in system-default
configure:12357: checking for includes
configure:12371: gcc -E   conftest.c
configure:12377: $? = 0
configure:12388: result: found
configure:12412: checking for RSA_new in -lcrypto
configure:12443: /bin/sh ./libtool gcc -o conftest  -O2 -Wall -Wno-implicit    conftest.c -lcrypto  -ldl  >&5
gcc -o conftest -O2 -Wall -Wno-implicit conftest.c  -lcrypto -ldl
configure:12446: $? = 0
configure:12449: test -s conftest
configure:12452: $? = 0
configure:12464: result: yes
configure:12478: checking for SSL_new in -lssl
configure:12509: /bin/sh ./libtool gcc -o conftest  -O2 -Wall -Wno-implicit    conftest.c -lssl  -lcrypto -ldl  >&5
gcc -o conftest -O2 -Wall -Wno-implicit conftest.c  -lssl -lcrypto -ldl
configure:12512: $? = 0
configure:12515: test -s conftest
configure:12518: $? = 0
configure:12530: result: yes
configure:12552: checking whether SSL libs are resolved at runtime
configure:12573: /bin/sh ./libtool gcc -o conftest  -O2 -Wall -Wno-implicit    conftest.c -lssl -lcrypto -ldl  >&5
gcc -o conftest -O2 -Wall -Wno-implicit conftest.c  -lssl -lcrypto -ldl
configure:12639: warning: return type defaults to 'int'
configure:12576: $? = 0
configure:12578: ./conftest
configure:12581: $? = 0
configure:12583: result: yes
configure:12604: result: Compiling in support for SSL in system-default
configure:12637: checking for md5_calc in -lmd5
configure:12668: gcc -o conftest  -O2 -Wall -Wno-implicit   conftest.c -lmd5  -lssl -lcrypto -ldl  >&5
ld: library not found for -lmd5
collect2: ld returned 1 exit status
configure:12671: $? = 1
configure: failed program was:
| #line 12644 "configure"
| /* confdefs.h.  */
| 
| #define PACKAGE_NAME ""
| #define PACKAGE_TARNAME ""
| #define PACKAGE_VERSION ""
| #define PACKAGE_STRING ""
| #define PACKAGE_BUGREPORT ""
| #define OS_TYPE "darwin12.2.0"
| #define USE_OPIE 1
| #define USE_DIGEST 1
| #define ENABLE_DEBUG 1
| #define STDC_HEADERS 1
| #define HAVE_SYS_TYPES_H 1
| #define HAVE_SYS_STAT_H 1
| #define HAVE_STDLIB_H 1
| #define HAVE_STRING_H 1
| #define HAVE_MEMORY_H 1
| #define HAVE_STRINGS_H 1
| #define HAVE_INTTYPES_H 1
| #define HAVE_STDINT_H 1
| #define HAVE_UNISTD_H 1
| #define HAVE_DLFCN_H 1
| #define PROTOTYPES 1
| #define SIZEOF_SHORT 2
| #define SIZEOF_INT 4
| #define SIZEOF_LONG 8
| #define SIZEOF_LONG_LONG 8
| #define HAVE_U_INT32_T 1
| #define HAVE_STRING_H 1
| #define HAVE_STDARG_H 1
| #define HAVE_UNISTD_H 1
| #define HAVE_SYS_TIME_H 1
| #define HAVE_UTIME_H 1
| #define HAVE_PWD_H 1
| #define HAVE_TERMIOS_H 1
| #define HAVE_SYS_IOCTL_H 1
| #define HAVE_SYS_SELECT_H 1
| #define HAVE_SYS_UTSNAME_H 1
| #define HAVE_SIGNAL_H 1
| #define HAVE_SETJMP_H 1
| #define TIME_WITH_SYS_TIME 1
| #define RETSIGTYPE void
| #define HAVE_STRUCT_UTIMBUF 1
| #define HAVE_ALLOCA_H 1
| #define HAVE_ALLOCA 1
| #define HAVE_STDLIB_H 1
| #define HAVE_UNISTD_H 1
| #define HAVE_GETPAGESIZE 1
| #define HAVE_MMAP 1
| #define HAVE_STRDUP 1
| #define HAVE_STRSTR 1
| #define HAVE_STRCASECMP 1
| #define HAVE_STRNCASECMP 1
| #define HAVE_STRPBRK 1
| #define HAVE_MEMMOVE 1
| #define HAVE_GETTIMEOFDAY 1
| #define HAVE_MKTIME 1
| #define HAVE_STRPTIME 1
| #define HAVE_STRERROR 1
| #define HAVE_SNPRINTF 1
| #define HAVE_VSNPRINTF 1
| #define HAVE_SELECT 1
| #define HAVE_SIGBLOCK 1
| #define HAVE_SIGSETJMP 1
| #define HAVE_SIGNAL 1
| #define HAVE_SYMLINK 1
| #define HAVE_ACCESS 1
| #define HAVE_ISATTY 1
| #define HAVE_UNAME 1
| #define HAVE_GETHOSTNAME 1
| #define HAVE_USLEEP 1
| #define HAVE_GETHOSTBYNAME 1
| #define HAVE_INET_NTOA 1
| #define HAVE_LIBDL 1
| #define HAVE_LIBCRYPTO 1
| #define HAVE_LIBSSL 1
| #define HAVE_SSL 1
| /* end confdefs.h.  */
| 
| /* Override any gcc2 internal prototype to avoid an error.  */
| #ifdef __cplusplus
| extern "C"
| #endif
| /* We use char because int might match the return type of a gcc2
|    builtin and then its argument prototype would still apply.  */
| char md5_calc ();
| int
| main ()
| {
| md5_calc ();
|   ;
|   return 0;
| }
configure:12689: result: no
configure:13338: checking whether NLS is requested
configure:13347: result: yes
configure:13352: result: language catalogs: bg ca cs da de el es et fr gl he hr hu it ja nl no pl pt_BR ro ru sk sl sv tr uk zh_CN zh_TW 
configure:13356: checking for msgfmt
configure:13383: result: msgfmt
configure:13392: checking for xgettext
configure:13419: result: :
configure:13429: checking for gmsgfmt
configure:13460: result: msgfmt
configure:13496: checking locale.h usability
configure:13509: gcc -c  -O2 -Wall -Wno-implicit  conftest.c >&5
configure:13512: $? = 0
configure:13515: test -s conftest.o
configure:13518: $? = 0
configure:13528: result: yes
configure:13532: checking locale.h presence
configure:13543: gcc -E  conftest.c
configure:13549: $? = 0
configure:13568: result: yes
configure:13604: checking for locale.h
configure:13611: result: yes
configure:13496: checking libintl.h usability
configure:13509: gcc -c  -O2 -Wall -Wno-implicit  conftest.c >&5
configure:13613:21: error: libintl.h: No such file or directory
configure:13512: $? = 1
configure: failed program was:
| #line 13498 "configure"
| /* confdefs.h.  */
| 
| #define PACKAGE_NAME ""
| #define PACKAGE_TARNAME ""
| #define PACKAGE_VERSION ""
| #define PACKAGE_STRING ""
| #define PACKAGE_BUGREPORT ""
| #define OS_TYPE "darwin12.2.0"
| #define USE_OPIE 1
| #define USE_DIGEST 1
| #define ENABLE_DEBUG 1
| #define STDC_HEADERS 1
| #define HAVE_SYS_TYPES_H 1
| #define HAVE_SYS_STAT_H 1
| #define HAVE_STDLIB_H 1
| #define HAVE_STRING_H 1
| #define HAVE_MEMORY_H 1
| #define HAVE_STRINGS_H 1
| #define HAVE_INTTYPES_H 1
| #define HAVE_STDINT_H 1
| #define HAVE_UNISTD_H 1
| #define HAVE_DLFCN_H 1
| #define PROTOTYPES 1
| #define SIZEOF_SHORT 2
| #define SIZEOF_INT 4
| #define SIZEOF_LONG 8
| #define SIZEOF_LONG_LONG 8
| #define HAVE_U_INT32_T 1
| #define HAVE_STRING_H 1
| #define HAVE_STDARG_H 1
| #define HAVE_UNISTD_H 1
| #define HAVE_SYS_TIME_H 1
| #define HAVE_UTIME_H 1
| #define HAVE_PWD_H 1
| #define HAVE_TERMIOS_H 1
| #define HAVE_SYS_IOCTL_H 1
| #define HAVE_SYS_SELECT_H 1
| #define HAVE_SYS_UTSNAME_H 1
| #define HAVE_SIGNAL_H 1
| #define HAVE_SETJMP_H 1
| #define TIME_WITH_SYS_TIME 1
| #define RETSIGTYPE void
| #define HAVE_STRUCT_UTIMBUF 1
| #define HAVE_ALLOCA_H 1
| #define HAVE_ALLOCA 1
| #define HAVE_STDLIB_H 1
| #define HAVE_UNISTD_H 1
| #define HAVE_GETPAGESIZE 1
| #define HAVE_MMAP 1
| #define HAVE_STRDUP 1
| #define HAVE_STRSTR 1
| #define HAVE_STRCASECMP 1
| #define HAVE_STRNCASECMP 1
| #define HAVE_STRPBRK 1
| #define HAVE_MEMMOVE 1
| #define HAVE_GETTIMEOFDAY 1
| #define HAVE_MKTIME 1
| #define HAVE_STRPTIME 1
| #define HAVE_STRERROR 1
| #define HAVE_SNPRINTF 1
| #define HAVE_VSNPRINTF 1
| #define HAVE_SELECT 1
| #define HAVE_SIGBLOCK 1
| #define HAVE_SIGSETJMP 1
| #define HAVE_SIGNAL 1
| #define HAVE_SYMLINK 1
| #define HAVE_ACCESS 1
| #define HAVE_ISATTY 1
| #define HAVE_UNAME 1
| #define HAVE_GETHOSTNAME 1
| #define HAVE_USLEEP 1
| #define HAVE_GETHOSTBYNAME 1
| #define HAVE_INET_NTOA 1
| #define HAVE_LIBDL 1
| #define HAVE_LIBCRYPTO 1
| #define HAVE_LIBSSL 1
| #define HAVE_SSL 1
| #define HAVE_OPENSSL_MD5 1
| #define HAVE_MD5 1
| #define HAVE_LOCALE_H 1
| /* end confdefs.h.  */
| #include <stdio.h>
| #if HAVE_SYS_TYPES_H
| # include <sys/types.h>
| #endif
| #if HAVE_SYS_STAT_H
| # include <sys/stat.h>
| #endif
| #if STDC_HEADERS
| # include <stdlib.h>
| # include <stddef.h>
| #else
| # if HAVE_STDLIB_H
| #  include <stdlib.h>
| # endif
| #endif
| #if HAVE_STRING_H
| # if !STDC_HEADERS && HAVE_MEMORY_H
| #  include <memory.h>
| # endif
| # include <string.h>
| #endif
| #if HAVE_STRINGS_H
| # include <strings.h>
| #endif
| #if HAVE_INTTYPES_H
| # include <inttypes.h>
| #else
| # if HAVE_STDINT_H
| #  include <stdint.h>
| # endif
| #endif
| #if HAVE_UNISTD_H
| # include <unistd.h>
| #endif
| #include <libintl.h>
configure:13528: result: no
configure:13532: checking libintl.h presence
configure:13543: gcc -E  conftest.c
configure:13615:21: error: libintl.h: No such file or directory
configure:13549: $? = 1
configure: failed program was:
| #line 13534 "configure"
| /* confdefs.h.  */
| 
| #define PACKAGE_NAME ""
| #define PACKAGE_TARNAME ""
| #define PACKAGE_VERSION ""
| #define PACKAGE_STRING ""
| #define PACKAGE_BUGREPORT ""
| #define OS_TYPE "darwin12.2.0"
| #define USE_OPIE 1
| #define USE_DIGEST 1
| #define ENABLE_DEBUG 1
| #define STDC_HEADERS 1
| #define HAVE_SYS_TYPES_H 1
| #define HAVE_SYS_STAT_H 1
| #define HAVE_STDLIB_H 1
| #define HAVE_STRING_H 1
| #define HAVE_MEMORY_H 1
| #define HAVE_STRINGS_H 1
| #define HAVE_INTTYPES_H 1
| #define HAVE_STDINT_H 1
| #define HAVE_UNISTD_H 1
| #define HAVE_DLFCN_H 1
| #define PROTOTYPES 1
| #define SIZEOF_SHORT 2
| #define SIZEOF_INT 4
| #define SIZEOF_LONG 8
| #define SIZEOF_LONG_LONG 8
| #define HAVE_U_INT32_T 1
| #define HAVE_STRING_H 1
| #define HAVE_STDARG_H 1
| #define HAVE_UNISTD_H 1
| #define HAVE_SYS_TIME_H 1
| #define HAVE_UTIME_H 1
| #define HAVE_PWD_H 1
| #define HAVE_TERMIOS_H 1
| #define HAVE_SYS_IOCTL_H 1
| #define HAVE_SYS_SELECT_H 1
| #define HAVE_SYS_UTSNAME_H 1
| #define HAVE_SIGNAL_H 1
| #define HAVE_SETJMP_H 1
| #define TIME_WITH_SYS_TIME 1
| #define RETSIGTYPE void
| #define HAVE_STRUCT_UTIMBUF 1
| #define HAVE_ALLOCA_H 1
| #define HAVE_ALLOCA 1
| #define HAVE_STDLIB_H 1
| #define HAVE_UNISTD_H 1
| #define HAVE_GETPAGESIZE 1
| #define HAVE_MMAP 1
| #define HAVE_STRDUP 1
| #define HAVE_STRSTR 1
| #define HAVE_STRCASECMP 1
| #define HAVE_STRNCASECMP 1
| #define HAVE_STRPBRK 1
| #define HAVE_MEMMOVE 1
| #define HAVE_GETTIMEOFDAY 1
| #define HAVE_MKTIME 1
| #define HAVE_STRPTIME 1
| #define HAVE_STRERROR 1
| #define HAVE_SNPRINTF 1
| #define HAVE_VSNPRINTF 1
| #define HAVE_SELECT 1
| #define HAVE_SIGBLOCK 1
| #define HAVE_SIGSETJMP 1
| #define HAVE_SIGNAL 1
| #define HAVE_SYMLINK 1
| #define HAVE_ACCESS 1
| #define HAVE_ISATTY 1
| #define HAVE_UNAME 1
| #define HAVE_GETHOSTNAME 1
| #define HAVE_USLEEP 1
| #define HAVE_GETHOSTBYNAME 1
| #define HAVE_INET_NTOA 1
| #define HAVE_LIBDL 1
| #define HAVE_LIBCRYPTO 1
| #define HAVE_LIBSSL 1
| #define HAVE_SSL 1
| #define HAVE_OPENSSL_MD5 1
| #define HAVE_MD5 1
| #define HAVE_LOCALE_H 1
| /* end confdefs.h.  */
| #include <libintl.h>
configure:13568: result: no
configure:13604: checking for libintl.h
configure:13611: result: no
configure:13626: checking for gettext in -lintl
configure:13657: gcc -o conftest  -O2 -Wall -Wno-implicit   conftest.c -lintl  -lssl -lcrypto -ldl  >&5
configure:13721: warning: conflicting types for built-in function 'gettext'
ld: library not found for -lintl
collect2: ld returned 1 exit status
configure:13660: $? = 1
configure: failed program was:
| #line 13633 "configure"
| /* confdefs.h.  */
| 
| #define PACKAGE_NAME ""
| #define PACKAGE_TARNAME ""
| #define PACKAGE_VERSION ""
| #define PACKAGE_STRING ""
| #define PACKAGE_BUGREPORT ""
| #define OS_TYPE "darwin12.2.0"
| #define USE_OPIE 1
| #define USE_DIGEST 1
| #define ENABLE_DEBUG 1
| #define STDC_HEADERS 1
| #define HAVE_SYS_TYPES_H 1
| #define HAVE_SYS_STAT_H 1
| #define HAVE_STDLIB_H 1
| #define HAVE_STRING_H 1
| #define HAVE_MEMORY_H 1
| #define HAVE_STRINGS_H 1
| #define HAVE_INTTYPES_H 1
| #define HAVE_STDINT_H 1
| #define HAVE_UNISTD_H 1
| #define HAVE_DLFCN_H 1
| #define PROTOTYPES 1
| #define SIZEOF_SHORT 2
| #define SIZEOF_INT 4
| #define SIZEOF_LONG 8
| #define SIZEOF_LONG_LONG 8
| #define HAVE_U_INT32_T 1
| #define HAVE_STRING_H 1
| #define HAVE_STDARG_H 1
| #define HAVE_UNISTD_H 1
| #define HAVE_SYS_TIME_H 1
| #define HAVE_UTIME_H 1
| #define HAVE_PWD_H 1
| #define HAVE_TERMIOS_H 1
| #define HAVE_SYS_IOCTL_H 1
| #define HAVE_SYS_SELECT_H 1
| #define HAVE_SYS_UTSNAME_H 1
| #define HAVE_SIGNAL_H 1
| #define HAVE_SETJMP_H 1
| #define TIME_WITH_SYS_TIME 1
| #define RETSIGTYPE void
| #define HAVE_STRUCT_UTIMBUF 1
| #define HAVE_ALLOCA_H 1
| #define HAVE_ALLOCA 1
| #define HAVE_STDLIB_H 1
| #define HAVE_UNISTD_H 1
| #define HAVE_GETPAGESIZE 1
| #define HAVE_MMAP 1
| #define HAVE_STRDUP 1
| #define HAVE_STRSTR 1
| #define HAVE_STRCASECMP 1
| #define HAVE_STRNCASECMP 1
| #define HAVE_STRPBRK 1
| #define HAVE_MEMMOVE 1
| #define HAVE_GETTIMEOFDAY 1
| #define HAVE_MKTIME 1
| #define HAVE_STRPTIME 1
| #define HAVE_STRERROR 1
| #define HAVE_SNPRINTF 1
| #define HAVE_VSNPRINTF 1
| #define HAVE_SELECT 1
| #define HAVE_SIGBLOCK 1
| #define HAVE_SIGSETJMP 1
| #define HAVE_SIGNAL 1
| #define HAVE_SYMLINK 1
| #define HAVE_ACCESS 1
| #define HAVE_ISATTY 1
| #define HAVE_UNAME 1
| #define HAVE_GETHOSTNAME 1
| #define HAVE_USLEEP 1
| #define HAVE_GETHOSTBYNAME 1
| #define HAVE_INET_NTOA 1
| #define HAVE_LIBDL 1
| #define HAVE_LIBCRYPTO 1
| #define HAVE_LIBSSL 1
| #define HAVE_SSL 1
| #define HAVE_OPENSSL_MD5 1
| #define HAVE_MD5 1
| #define HAVE_LOCALE_H 1
| /* end confdefs.h.  */
| 
| /* Override any gcc2 internal prototype to avoid an error.  */
| #ifdef __cplusplus
| extern "C"
| #endif
| /* We use char because int might match the return type of a gcc2
|    builtin and then its argument prototype would still apply.  */
| char gettext ();
| int
| main ()
| {
| gettext ();
|   ;
|   return 0;
| }
configure:13678: result: no
configure:13694: checking for gettext
configure:13744: gcc -o conftest  -O2 -Wall -Wno-implicit   conftest.c -lssl -lcrypto -ldl  >&5
configure:13796: warning: conflicting types for built-in function 'gettext'
Undefined symbols for architecture x86_64:
  "_gettext", referenced from:
      _main in ccZE5x0s.o
      _f in ccZE5x0s.o
ld: symbol(s) not found for architecture x86_64
collect2: ld returned 1 exit status
configure:13747: $? = 1
configure: failed program was:
| #line 13699 "configure"
| /* confdefs.h.  */
| 
| #define PACKAGE_NAME ""
| #define PACKAGE_TARNAME ""
| #define PACKAGE_VERSION ""
| #define PACKAGE_STRING ""
| #define PACKAGE_BUGREPORT ""
| #define OS_TYPE "darwin12.2.0"
| #define USE_OPIE 1
| #define USE_DIGEST 1
| #define ENABLE_DEBUG 1
| #define STDC_HEADERS 1
| #define HAVE_SYS_TYPES_H 1
| #define HAVE_SYS_STAT_H 1
| #define HAVE_STDLIB_H 1
| #define HAVE_STRING_H 1
| #define HAVE_MEMORY_H 1
| #define HAVE_STRINGS_H 1
| #define HAVE_INTTYPES_H 1
| #define HAVE_STDINT_H 1
| #define HAVE_UNISTD_H 1
| #define HAVE_DLFCN_H 1
| #define PROTOTYPES 1
| #define SIZEOF_SHORT 2
| #define SIZEOF_INT 4
| #define SIZEOF_LONG 8
| #define SIZEOF_LONG_LONG 8
| #define HAVE_U_INT32_T 1
| #define HAVE_STRING_H 1
| #define HAVE_STDARG_H 1
| #define HAVE_UNISTD_H 1
| #define HAVE_SYS_TIME_H 1
| #define HAVE_UTIME_H 1
| #define HAVE_PWD_H 1
| #define HAVE_TERMIOS_H 1
| #define HAVE_SYS_IOCTL_H 1
| #define HAVE_SYS_SELECT_H 1
| #define HAVE_SYS_UTSNAME_H 1
| #define HAVE_SIGNAL_H 1
| #define HAVE_SETJMP_H 1
| #define TIME_WITH_SYS_TIME 1
| #define RETSIGTYPE void
| #define HAVE_STRUCT_UTIMBUF 1
| #define HAVE_ALLOCA_H 1
| #define HAVE_ALLOCA 1
| #define HAVE_STDLIB_H 1
| #define HAVE_UNISTD_H 1
| #define HAVE_GETPAGESIZE 1
| #define HAVE_MMAP 1
| #define HAVE_STRDUP 1
| #define HAVE_STRSTR 1
| #define HAVE_STRCASECMP 1
| #define HAVE_STRNCASECMP 1
| #define HAVE_STRPBRK 1
| #define HAVE_MEMMOVE 1
| #define HAVE_GETTIMEOFDAY 1
| #define HAVE_MKTIME 1
| #define HAVE_STRPTIME 1
| #define HAVE_STRERROR 1
| #define HAVE_SNPRINTF 1
| #define HAVE_VSNPRINTF 1
| #define HAVE_SELECT 1
| #define HAVE_SIGBLOCK 1
| #define HAVE_SIGSETJMP 1
| #define HAVE_SIGNAL 1
| #define HAVE_SYMLINK 1
| #define HAVE_ACCESS 1
| #define HAVE_ISATTY 1
| #define HAVE_UNAME 1
| #define HAVE_GETHOSTNAME 1
| #define HAVE_USLEEP 1
| #define HAVE_GETHOSTBYNAME 1
| #define HAVE_INET_NTOA 1
| #define HAVE_LIBDL 1
| #define HAVE_LIBCRYPTO 1
| #define HAVE_LIBSSL 1
| #define HAVE_SSL 1
| #define HAVE_OPENSSL_MD5 1
| #define HAVE_MD5 1
| #define HAVE_LOCALE_H 1
| /* end confdefs.h.  */
| /* System header to define __stub macros and hopefully few prototypes,
|     which can conflict with char gettext (); below.
|     Prefer <limits.h> to <assert.h> if __STDC__ is defined, since
|     <limits.h> exists even on freestanding compilers.  */
| #ifdef __STDC__
| # include <limits.h>
| #else
| # include <assert.h>
| #endif
| /* Override any gcc2 internal prototype to avoid an error.  */
| #ifdef __cplusplus
| extern "C"
| {
| #endif
| /* We use char because int might match the return type of a gcc2
|    builtin and then its argument prototype would still apply.  */
| char gettext ();
| /* The GNU C library defines this for functions which it implements
|     to always fail with ENOSYS.  Some functions are actually named
|     something starting with __ and the normal name is an alias.  */
| #if defined (__stub_gettext) || defined (__stub___gettext)
| choke me
| #else
| char (*f) () = gettext;
| #endif
| #ifdef __cplusplus
| }
| #endif
| 
| int
| main ()
| {
| return f != gettext;
|   ;
|   return 0;
| }
configure:13764: result: no
configure:13773: result: gettext not found; disabling NLS
configure:13816: checking for makeinfo
configure:13832: found /usr/bin/makeinfo
configure:13842: result: makeinfo
configure:13864: checking for perl5
configure:13897: result: no
configure:13864: checking for perl
configure:13882: found /usr/bin/perl
configure:13894: result: /usr/bin/perl
configure:13907: checking for pod2man
configure:13925: found /usr/bin/pod2man
configure:13938: result: /usr/bin/pod2man
configure:14050: creating ./config.status

## ---------------------- ##
## Running config.status. ##
## ---------------------- ##

This file was extended by config.status, which was
generated by GNU Autoconf 2.57.  Invocation command line was

  CONFIG_FILES    = 
  CONFIG_HEADERS  = 
  CONFIG_LINKS    = 
  CONFIG_COMMANDS = 
  $ ./config.status 

on Devbox.local

config.status:670: creating Makefile
config.status:670: creating src/Makefile
config.status:670: creating doc/Makefile
config.status:670: creating util/Makefile
config.status:670: creating po/Makefile.in
config.status:670: creating windows/Makefile
config.status:774: creating src/config.h
config.status:1037: src/config.h is unchanged
config.status:1137: executing default commands

## ---------------- ##
## Cache variables. ##
## ---------------- ##

ac_cv_build=i386-apple-darwin12.2.0
ac_cv_build_alias=i386-apple-darwin12.2.0
ac_cv_c_bigendian=no
ac_cv_c_compiler_gnu=yes
ac_cv_c_const=yes
ac_cv_c_inline=inline
ac_cv_env_CC_set=
ac_cv_env_CC_value=
ac_cv_env_CFLAGS_set=
ac_cv_env_CFLAGS_value=
ac_cv_env_CPPFLAGS_set=
ac_cv_env_CPPFLAGS_value=
ac_cv_env_CPP_set=
ac_cv_env_CPP_value=
ac_cv_env_LDFLAGS_set=
ac_cv_env_LDFLAGS_value=
ac_cv_env_build_alias_set=
ac_cv_env_build_alias_value=
ac_cv_env_host_alias_set=
ac_cv_env_host_alias_value=
ac_cv_env_target_alias_set=
ac_cv_env_target_alias_value=
ac_cv_exeext=
ac_cv_func_access=yes
ac_cv_func_alloca_works=yes
ac_cv_func_gethostbyname=yes
ac_cv_func_gethostname=yes
ac_cv_func_getopt_long=yes
ac_cv_func_getpagesize=yes
ac_cv_func_gettext=no
ac_cv_func_gettimeofday=yes
ac_cv_func_inet_ntoa=yes
ac_cv_func_isatty=yes
ac_cv_func_memmove=yes
ac_cv_func_mktime=yes
ac_cv_func_mmap_fixed_mapped=yes
ac_cv_func_select=yes
ac_cv_func_sigblock=yes
ac_cv_func_signal=yes
ac_cv_func_sigsetjmp=yes
ac_cv_func_snprintf=yes
ac_cv_func_strcasecmp=yes
ac_cv_func_strdup=yes
ac_cv_func_strerror=yes
ac_cv_func_strncasecmp=yes
ac_cv_func_strpbrk=yes
ac_cv_func_strptime=yes
ac_cv_func_strstr=yes
ac_cv_func_symlink=yes
ac_cv_func_uname=yes
ac_cv_func_usleep=yes
ac_cv_func_vsnprintf=yes
ac_cv_header_dlfcn_h=yes
ac_cv_header_inttypes_h=yes
ac_cv_header_libintl_h=no
ac_cv_header_locale_h=yes
ac_cv_header_memory_h=yes
ac_cv_header_pwd_h=yes
ac_cv_header_setjmp_h=yes
ac_cv_header_signal_h=yes
ac_cv_header_stdarg_h=yes
ac_cv_header_stdc=yes
ac_cv_header_stdint_h=yes
ac_cv_header_stdlib_h=yes
ac_cv_header_string_h=yes
ac_cv_header_strings_h=yes
ac_cv_header_sys_ioctl_h=yes
ac_cv_header_sys_select_h=yes
ac_cv_header_sys_stat_h=yes
ac_cv_header_sys_time_h=yes
ac_cv_header_sys_types_h=yes
ac_cv_header_sys_utime_h=no
ac_cv_header_sys_utsname_h=yes
ac_cv_header_termios_h=yes
ac_cv_header_time=yes
ac_cv_header_unistd_h=yes
ac_cv_header_utime_h=yes
ac_cv_host=i386-apple-darwin12.2.0
ac_cv_host_alias=i386-apple-darwin12.2.0
ac_cv_lib_crypto_RSA_new=yes
ac_cv_lib_dl_dlopen=yes
ac_cv_lib_dl_shl_load=no
ac_cv_lib_intl_gettext=no
ac_cv_lib_md5_md5_calc=no
ac_cv_lib_socket_socket=no
ac_cv_lib_ssl_SSL_new=yes
ac_cv_objext=o
ac_cv_path_GMSGFMT=msgfmt
ac_cv_path_MSGFMT=msgfmt
ac_cv_path_PERL=/usr/bin/perl
ac_cv_path_POD2MAN=/usr/bin/pod2man
ac_cv_path_XGETTEXT=:
ac_cv_path_install='/usr/bin/install -c'
ac_cv_prog_CPP='gcc -E'
ac_cv_prog_MAKEINFO=makeinfo
ac_cv_prog_ac_ct_CC=gcc
ac_cv_prog_ac_ct_RANLIB=ranlib
ac_cv_prog_ac_ct_STRIP=strip
ac_cv_prog_cc_g=yes
ac_cv_prog_cc_stdc=
ac_cv_prog_egrep='grep -E'
ac_cv_prog_make_make_set=yes
ac_cv_sizeof_int=4
ac_cv_sizeof_long=8
ac_cv_sizeof_long_long=8
ac_cv_sizeof_short=2
ac_cv_type_int=yes
ac_cv_type_long=yes
ac_cv_type_long_long=yes
ac_cv_type_pid_t=yes
ac_cv_type_short=yes
ac_cv_type_signal=void
ac_cv_type_size_t=yes
ac_cv_type_u_int32_t=yes
ac_cv_working_alloca_h=yes
am_cv_prog_cc_stdc=
lt_cv_archive_cmds_need_lc=yes
lt_cv_compiler_c_o=yes
lt_cv_compiler_o_lo=yes
lt_cv_deplibs_check_method='file_magic Mach-O dynamically linked shared library'
lt_cv_file_magic_cmd='/usr/bin/file -L'
lt_cv_file_magic_test_file=/usr/lib/libSystem.dylib
lt_cv_global_symbol_to_c_name_address='sed -n -e '\''s/^: \([^ ]*\) $/  {\"\1\", (lt_ptr) 0},/p'\'' -e '\''s/^[BCDEGRST] \([^ ]*\) \([^ ]*\)$/  {"\2", (lt_ptr) \&\2},/p'\'''
lt_cv_global_symbol_to_cdecl='sed -n -e '\''s/^. .* \(.*\)$/extern char \1;/p'\'''
lt_cv_ld_reload_flag=-r
lt_cv_path_LD=/usr/llvm-gcc-4.2/libexec/gcc/i686-apple-darwin11/4.2.1/ld
lt_cv_path_NM=/usr/bin/nm
lt_cv_path_SED=/usr/bin/sed
lt_cv_prog_cc_can_build_shared=yes
lt_cv_prog_cc_no_builtin=
lt_cv_prog_cc_pic=' -fno-common'
lt_cv_prog_cc_pic_works=yes
lt_cv_prog_cc_shlib=
lt_cv_prog_cc_static=
lt_cv_prog_cc_static_works=no
lt_cv_prog_cc_wl=-Wl,
lt_cv_prog_gnu_ld=no
lt_cv_sys_global_symbol_pipe='sed -n -e '\''s/^.*[ 	]\([BCDEGRST][BCDEGRST]*\)[ 	][ 	]*\(_\)\([_A-Za-z][_A-Za-z0-9]*\)$/\1 \2\3 \3/p'\'''

## ----------------- ##
## Output variables. ##
## ----------------- ##

ALLOCA=''
ANSI2KNR=''
CATALOGS=' bg.gmo ca.gmo cs.gmo da.gmo de.gmo el.gmo es.gmo et.gmo fr.gmo gl.gmo he.gmo hr.gmo hu.gmo it.gmo ja.gmo nl.gmo no.gmo pl.gmo pt_BR.gmo ro.gmo ru.gmo sk.gmo sl.gmo sv.gmo tr.gmo uk.gmo zh_CN.gmo zh_TW.gmo'
CATOBJEXT='.gmo'
CC='gcc'
CFLAGS=' -O2 -Wall -Wno-implicit'
COMMENT_IF_NO_POD2MAN=''
CPP='gcc -E'
CPPFLAGS=''
DATADIRNAME='share'
DEFS='-DHAVE_CONFIG_H'
ECHO='/bin/echo'
ECHO_C='ECHO_N=''
ECHO_T=''
EGREP='grep -E'
EXEEXT=''
GETOPT_OBJ=''
GMOFILES=' bg.gmo ca.gmo cs.gmo da.gmo de.gmo el.gmo es.gmo et.gmo fr.gmo gl.gmo he.gmo hr.gmo hu.gmo it.gmo ja.gmo nl.gmo no.gmo pl.gmo pt_BR.gmo ro.gmo ru.gmo sk.gmo sl.gmo sv.gmo tr.gmo uk.gmo zh_CN.gmo zh_TW.gmo'
GMSGFMT='msgfmt'
HAVE_NLS='no'
INSTALL_DATA='${INSTALL} -m 644'
INSTALL_PROGRAM='${INSTALL}'
INSTALL_SCRIPT='${INSTALL}'
INSTOBJEXT='.mo'
INTLLIBS=''
LDFLAGS=''
LIBOBJS=''
LIBS='-lssl -lcrypto -ldl '
LIBTOOL='$(SHELL) $(top_builddir)/libtool'
LIBTOOL_DEPS='./ltmain.sh'
LN_S='ln -s'
LTLIBOBJS=''
MAKEINFO='makeinfo $(srcdir)/wget.texi'
MD5_OBJ='gen-md5$o'
MSGFMT='msgfmt'
OBJEXT='o'
OPIE_OBJ='ftp-opie$o'
PACKAGE='wget'
PACKAGE_BUGREPORT=''
PACKAGE_NAME=''
PACKAGE_STRING=''
PACKAGE_TARNAME=''
PACKAGE_VERSION=''
PATH_SEPARATOR=':'
PERL='/usr/bin/perl'
POD2MAN='/usr/bin/pod2man'
POFILES=' bg.po ca.po cs.po da.po de.po el.po es.po et.po fr.po gl.po he.po hr.po hu.po it.po ja.po nl.po no.po pl.po pt_BR.po ro.po ru.po sk.po sl.po sv.po tr.po uk.po zh_CN.po zh_TW.po'
RANLIB='ranlib'
SET_MAKE=''
SHELL='/bin/sh'
SSL_INCLUDES=''
SSL_OBJ='gen_sslfunc$o'
STRIP='strip'
U=''
USE_NLS='no'
VERSION='1.9'
XGETTEXT=':'
ac_ct_CC='gcc'
ac_ct_RANLIB='ranlib'
ac_ct_STRIP='strip'
bindir='${exec_prefix}/bin'
build='i386-apple-darwin12.2.0'
build_alias=''
build_cpu='i386'
build_os='darwin12.2.0'
build_vendor='apple'
datadir='${prefix}/share'
exec_prefix='${prefix}'
exeext=''
host='i386-apple-darwin12.2.0'
host_alias=''
host_cpu='i386'
host_os='darwin12.2.0'
host_vendor='apple'
includedir='${prefix}/include'
infodir='${prefix}/info'
libdir='${exec_prefix}/lib'
libexecdir='${exec_prefix}/libexec'
localstatedir='${prefix}/var'
mandir='${prefix}/man'
oldincludedir='/usr/include'
prefix='/usr/local'
program_transform_name='s,x,x,'
sbindir='${exec_prefix}/sbin'
sharedstatedir='${prefix}/com'
sysconfdir='${prefix}/etc'
target_alias=''

## ----------- ##
## confdefs.h. ##
## ----------- ##

#define ENABLE_DEBUG 1
#define HAVE_ACCESS 1
#define HAVE_ALLOCA 1
#define HAVE_ALLOCA_H 1
#define HAVE_DLFCN_H 1
#define HAVE_GETHOSTBYNAME 1
#define HAVE_GETHOSTNAME 1
#define HAVE_GETPAGESIZE 1
#define HAVE_GETTIMEOFDAY 1
#define HAVE_INET_NTOA 1
#define HAVE_INTTYPES_H 1
#define HAVE_ISATTY 1
#define HAVE_LIBCRYPTO 1
#define HAVE_LIBDL 1
#define HAVE_LIBSSL 1
#define HAVE_LOCALE_H 1
#define HAVE_MD5 1
#define HAVE_MEMMOVE 1
#define HAVE_MEMORY_H 1
#define HAVE_MKTIME 1
#define HAVE_MMAP 1
#define HAVE_OPENSSL_MD5 1
#define HAVE_PWD_H 1
#define HAVE_SELECT 1
#define HAVE_SETJMP_H 1
#define HAVE_SIGBLOCK 1
#define HAVE_SIGNAL 1
#define HAVE_SIGNAL_H 1
#define HAVE_SIGSETJMP 1
#define HAVE_SNPRINTF 1
#define HAVE_SSL 1
#define HAVE_STDARG_H 1
#define HAVE_STDINT_H 1
#define HAVE_STDLIB_H 1
#define HAVE_STDLIB_H 1
#define HAVE_STRCASECMP 1
#define HAVE_STRDUP 1
#define HAVE_STRERROR 1
#define HAVE_STRINGS_H 1
#define HAVE_STRING_H 1
#define HAVE_STRING_H 1
#define HAVE_STRNCASECMP 1
#define HAVE_STRPBRK 1
#define HAVE_STRPTIME 1
#define HAVE_STRSTR 1
#define HAVE_STRUCT_UTIMBUF 1
#define HAVE_SYMLINK 1
#define HAVE_SYS_IOCTL_H 1
#define HAVE_SYS_SELECT_H 1
#define HAVE_SYS_STAT_H 1
#define HAVE_SYS_TIME_H 1
#define HAVE_SYS_TYPES_H 1
#define HAVE_SYS_UTSNAME_H 1
#define HAVE_TERMIOS_H 1
#define HAVE_UNAME 1
#define HAVE_UNISTD_H 1
#define HAVE_UNISTD_H 1
#define HAVE_UNISTD_H 1
#define HAVE_USLEEP 1
#define HAVE_UTIME_H 1
#define HAVE_U_INT32_T 1
#define HAVE_VSNPRINTF 1
#define OS_TYPE "darwin12.2.0"
#define PACKAGE_BUGREPORT ""
#define PACKAGE_NAME ""
#define PACKAGE_STRING ""
#define PACKAGE_TARNAME ""
#define PACKAGE_VERSION ""
#define PROTOTYPES 1
#define RETSIGTYPE void
#define SIZEOF_INT 4
#define SIZEOF_LONG 8
#define SIZEOF_LONG_LONG 8
#define SIZEOF_SHORT 2
#define STDC_HEADERS 1
#define TIME_WITH_SYS_TIME 1
#define USE_DIGEST 1
#define USE_OPIE 1

configure: exit 0
